<?xml version='1.0' encoding='UTF-8'?>
<testsuite hostname="HOME-P1" name="Tests" tests="10" errors="0" failures="0" skipped="0" time="0.026">
                     <properties>
[...]
</properties>
                     <testcase classname="Tests" name="should find index of element in list" time="0.022">
                                                 
                                               </testcase><testcase classname="Tests" name="should find index of element in list by tailrec" time="0.0">
                                                 
                                               </testcase><testcase classname="Tests" name="should find index of not-element in list" time="0.0">
                                                 
                                               </testcase><testcase classname="Tests" name="should find index of not-element in list by tailrec" time="0.0">
                                                 
                                               </testcase><testcase classname="Tests" name="should find index of element in empty list" time="0.0">
                                                 
                                               </testcase><testcase classname="Tests" name="should find index of element in empty list by tailrec" time="0.0">
                                                 
                                               </testcase><testcase classname="Tests" name="should sum elements of list" time="0.001">
                                                 
                                               </testcase><testcase classname="Tests" name="should sum elements of list by tailrec" time="0.001">
                                                 
                                               </testcase><testcase classname="Tests" name="should divide by zero counting sum" time="0.001">
                                                 
                                               </testcase><testcase classname="Tests" name="should divide by zero counting sum by tailrec" time="0.001">
                                                 
                                               </testcase>
                     <system-out><![CDATA[]]></system-out>
                     <system-err><![CDATA[]]></system-err>
                   </testsuite>